<?xml version="1.0" encoding="UTF-8"?>
<coverage generated="1683831384196" clover="3.2.0">
  <project timestamp="1683831384196" name="All files">
    <metrics statements="16" coveredstatements="16" conditionals="2" coveredconditionals="2" methods="6" coveredmethods="6" elements="24" coveredelements="24" complexity="0" loc="16" ncloc="16" packages="1" files="3" classes="3"/>
    <file name="boards.js" path="/Users/marianefanelli/Desktop/Coodesh/mariane-desafio/src/boards.js">
      <metrics statements="10" coveredstatements="10" conditionals="0" coveredconditionals="0" methods="4" coveredmethods="4"/>
      <line num="1" count="1" type="stmt"/>
      <line num="5" count="3" type="stmt"/>
      <line num="13" count="3" type="stmt"/>
      <line num="15" count="3" type="stmt"/>
      <line num="19" count="1" type="stmt"/>
      <line num="20" count="1" type="stmt"/>
      <line num="21" count="3" type="stmt"/>
      <line num="24" count="1" type="stmt"/>
      <line num="28" count="2" type="stmt"/>
      <line num="32" count="1" type="stmt"/>
    </file>
    <file name="div.js" path="/Users/marianefanelli/Desktop/Coodesh/mariane-desafio/src/div.js">
      <metrics statements="4" coveredstatements="4" conditionals="2" coveredconditionals="2" methods="1" coveredmethods="1"/>
      <line num="3" count="2" type="cond" truecount="2" falsecount="0"/>
      <line num="4" count="1" type="stmt"/>
      <line num="7" count="1" type="stmt"/>
      <line num="10" count="1" type="stmt"/>
    </file>
    <file name="sum.js" path="/Users/marianefanelli/Desktop/Coodesh/mariane-desafio/src/sum.js">
      <metrics statements="2" coveredstatements="2" conditionals="0" coveredconditionals="0" methods="1" coveredmethods="1"/>
      <line num="2" count="1" type="stmt"/>
      <line num="4" count="1" type="stmt"/>
    </file>
  </project>
</coverage>
