TN:
SF:src/boards.js
FN:4,create
FN:18,remove
FN:20,(anonymous_2)
FN:27,get
FNF:4
FNH:4
FNDA:3,create
FNDA:1,remove
FNDA:3,(anonymous_2)
FNDA:2,get
DA:1,1
DA:5,3
DA:13,3
DA:15,3
DA:19,1
DA:20,1
DA:21,3
DA:24,1
DA:28,2
DA:32,1
LF:10
LH:10
BRF:0
BRH:0
end_of_record
TN:
SF:src/div.js
FN:1,div
FNF:1
FNH:1
FNDA:2,div
DA:3,2
DA:4,1
DA:7,1
DA:10,1
LF:4
LH:4
BRDA:3,0,0,1
BRDA:3,0,1,1
BRF:2
BRH:2
end_of_record
TN:
SF:src/sum.js
FN:1,sum
FNF:1
FNH:1
FNDA:1,sum
DA:2,1
DA:4,1
LF:2
LH:2
BRF:0
BRH:0
end_of_record
